<?xml version="1.0" encoding="UTF-8"?>
<!-- Generated by org.testng.reporters.JUnitXMLReporter -->
<testsuite ignored="0" hostname="DESKTOP-JOCDJ6C" failures="1" tests="3" name="Orange HRM Test" time="43.377" errors="0" timestamp="2022-09-07T20:04:00 IST">
  <testcase classname="com.vtechsolution01.orangehrm.testcase.LoginTest_001" name="verifyLoginPageTC" time="0.027">
    <failure type="java.lang.AssertionError" message="expected [true] but found [false]">
      <![CDATA[java.lang.AssertionError: expected [true] but found [false]
at com.vtechsolution01.orangehrm.testcase.LoginTest_001.verifyLoginPageTC(LoginTest_001.java:22)
at java.base/java.util.ArrayList.forEach(ArrayList.java:1511)
... Removed 31 stack frames]]>
    </failure>
  </testcase> <!-- verifyLoginPageTC -->
  <testcase classname="com.vtechsolution01.orangehrm.testcase.LoginTest_001" name="verifyOrangeHrmLogoTC" time="0.282"/>
  <testcase classname="com.vtechsolution01.orangehrm.testcase.LoginTest_001" name="loginTest" time="1.625"/>
</testsuite> <!-- Orange HRM Test -->
